test
2024-10-07 21:06:36,827 - INFO - запрос АВР для REQ0640945
2024-10-07 21:10:06,652 - INFO - запрос АВР для REQ0640945
2024-10-07 21:16:05,228 - INFO - запрос АВР для REQ0663416
2024-10-07 21:18:37,672 - INFO - запрос АВР для REQ0435543
2024-10-07 21:19:17,811 - INFO - запрос АВР для REQ0435543
2024-10-07 21:21:44,361 - INFO - запрос АВР для REQ0435543
2024-10-07 21:24:09,097 - INFO - запрос АВР для REQ0435543
2024-10-10 13:25:34,303 - INFO - скрипт запущен
2024-10-10 13:29:43,514 - INFO - скрипт запущен
2024-10-10 13:29:57,487 - ERROR - Ошибка: 909379618
 - такого чата не существует с этим ботом. 
2024-10-10 13:29:57,804 - ERROR - Ошибка: 1699958471
 - такого чата не существует с этим ботом. 
2024-10-10 13:32:01,616 - INFO - запрос АВР для REQ0670153
2024-10-10 13:32:22,296 - INFO - запрос АВР для REQ0542824
2024-10-10 13:33:23,602 - INFO - скрипт запущен
2024-10-10 13:33:27,905 - INFO - запрос АВР для REQ0542824
2024-10-10 15:15:59,681 - INFO - скрипт запущен
2024-10-10 15:16:12,328 - ERROR - Ошибка отправки сообщения в чат - 909379618

2024-10-10 15:16:12,407 - ERROR - Ошибка отправки сообщения в чат - 1699958471

2024-10-10 15:20:27,248 - INFO - скрипт запущен
2024-10-10 15:20:38,849 - ERROR - Ошибка отправки сообщения в чат - 909379618

2024-10-10 15:20:38,921 - ERROR - Ошибка отправки сообщения в чат - 1699958471

2024-10-10 15:21:16,844 - ERROR - Ошибка отправки сообщения в чат - 909379618

2024-10-10 15:21:16,915 - ERROR - Ошибка отправки сообщения в чат - 1699958471

2024-10-11 19:22:42,439 - INFO - скрипт запущен
2024-10-11 19:23:06,221 - INFO - скрипт запущен
2024-10-11 19:23:16,058 - ERROR - Ошибка отправки сообщения в чат - 909379618

2024-10-11 19:23:16,138 - ERROR - Ошибка отправки сообщения в чат - 1699958471

2024-10-11 19:23:23,316 - ERROR - Ошибка отправки сообщения в чат - 909379618

2024-10-11 19:23:23,390 - ERROR - Ошибка отправки сообщения в чат - 1699958471

2024-10-11 19:23:31,305 - ERROR - Ошибка отправки сообщения в чат - 909379618

2024-10-11 19:23:31,789 - ERROR - Ошибка отправки сообщения в чат - 1699958471

2024-10-11 19:23:39,198 - ERROR - Ошибка отправки сообщения в чат - 909379618

2024-10-11 19:23:39,276 - ERROR - Ошибка отправки сообщения в чат - 1699958471

2024-10-11 19:23:46,607 - ERROR - Ошибка отправки сообщения в чат - 909379618

2024-10-11 19:23:46,800 - ERROR - Ошибка отправки сообщения в чат - 1699958471

2024-10-11 19:32:33,611 - INFO - скрипт запущен
2024-10-11 19:32:51,508 - INFO - попытка смены bearer: "hz6uvua766yPUxP_fqq1nVi3-Edy72OH" на новый...
2024-10-11 19:33:08,766 - INFO - попытка смены bearer: "hz6uvua766yPUxP_fqq1nVi3-Edy72OH" на новый...
2024-10-11 19:33:09,201 - INFO - новый bearer установлен: hz6uvua766yPUxP_fqq1nVi3-Edy72OH
2024-10-11 19:33:57,149 - INFO - скрипт запущен
2024-10-11 19:33:57,252 - ERROR - Ошибка сервера: 401 - {"name":"Unauthorized","message":"Your request was made with invalid credentials.","code":0,"status":401,"timing":{"before_echo":0.04763388633728027}}
2024-10-11 19:34:37,854 - INFO - попытка смены bearer: "hz6uvua766yPUxP_fqq1nVi3-Edy72O" на новый...
2024-10-11 19:34:37,993 - INFO - новый bearer установлен: hz6uvua766yPUxP_fqq1nVi3-Edy72O
2024-10-11 19:35:46,278 - INFO - скрипт запущен
2024-10-11 19:35:46,350 - ERROR - Ошибка сервера: 401 - {"name":"Unauthorized","message":"Your request was made with invalid credentials.","code":0,"status":401,"timing":{"before_echo":0.029547929763793945}}
2024-10-11 19:35:48,870 - INFO - попытка смены bearer: "hz6uvua766yPUxP_fqq1nVi3-Edy72O" на новый...
2024-10-11 19:36:12,168 - INFO - попытка смены bearer: "hz6uvua766yPUxP_fqq1nVi3-Edy72O" на новый...
2024-10-11 19:36:12,366 - INFO - новый bearer установлен: hz6uvua766yPUxP_fqq1nVi3-Edy72O
2024-10-11 19:36:22,181 - INFO - попытка смены сервисного пароля: "aezakmi" на новый...
2024-10-11 19:36:34,365 - INFO - попытка смены сервисного пароля: "aezakmi" на новый...
2024-10-11 19:36:47,176 - INFO - попытка смены сервисного пароля: "aezakmi" на новый...
2024-10-11 19:36:47,313 - INFO - новый сервсиный пароль установлен: hesoyam
2024-10-11 19:36:59,167 - INFO - попытка смены сервисного пароля: "aezakmi" на новый...
2024-10-11 19:37:17,481 - INFO - попытка смены сервисного пароля: "aezakmi" на новый...
2024-10-11 19:37:17,634 - INFO - новый сервсиный пароль установлен: aezakmi
2024-10-11 19:38:31,018 - INFO - скрипт запущен
2024-10-11 19:38:31,101 - ERROR - Ошибка сервера: 401 - {"name":"Unauthorized","message":"Your request was made with invalid credentials.","code":0,"status":401,"timing":{"before_echo":0.036932945251464844}}
2024-10-11 19:38:36,511 - INFO - попытка смены сервисного пароля: "aezakmi" на новый...
2024-10-11 19:38:42,754 - INFO - попытка смены сервисного пароля: "aezakmi" на новый...
2024-10-11 19:38:42,901 - INFO - новый сервсиный пароль установлен: hesoyam
2024-10-11 19:38:53,640 - INFO - попытка смены сервисного пароля: "aezakmi" на новый...
2024-10-11 19:39:11,353 - INFO - попытка смены сервисного пароля: "aezakmi" на новый...
2024-10-11 19:39:11,602 - INFO - новый сервсиный пароль установлен: test
2024-10-11 19:39:37,753 - INFO - скрипт запущен
2024-10-11 19:39:37,846 - ERROR - Ошибка сервера: 401 - {"name":"Unauthorized","message":"Your request was made with invalid credentials.","code":0,"status":401,"timing":{"before_echo":0.03128314018249512}}
2024-10-11 19:39:50,797 - INFO - попытка смены сервисного пароля: "test" на новый...
2024-10-11 19:39:50,956 - INFO - новый сервсиный пароль установлен: hesoyam
2024-10-11 19:39:58,674 - INFO - попытка смены сервисного пароля: "test" на новый...
2024-10-11 19:40:11,373 - INFO - попытка смены сервисного пароля: "test" на новый...
2024-10-11 19:40:11,592 - INFO - новый сервсиный пароль установлен: hrlloword
2024-10-11 20:04:28,914 - INFO - скрипт запущен
2024-10-11 20:04:29,047 - ERROR - Ошибка сервера: 401 - {"name":"Unauthorized","message":"Your request was made with invalid credentials.","code":0,"status":401,"timing":{"before_echo":0.0391850471496582}}
2024-10-11 20:04:55,023 - INFO - попытка смены сервисного пароля: "hrlloword" на новый...
2024-10-11 20:04:55,396 - INFO - новый сервсиный пароль установлен: hesoyam
2024-10-11 20:05:10,023 - INFO - попытка смены сервисного пароля: "hesoyam" на новый...
2024-10-11 20:05:10,261 - INFO - новый сервсиный пароль установлен: aezakmi
2024-10-11 20:06:36,902 - INFO - скрипт запущен
2024-10-11 20:06:36,981 - ERROR - Ошибка сервера: 401 - {"name":"Unauthorized","message":"Your request was made with invalid credentials.","code":0,"status":401,"timing":{"before_echo":0.03429007530212402}}
2024-10-11 20:07:02,335 - INFO - попытка смены сервисного пароля: "aezakmi" на новый...
2024-10-11 20:07:02,704 - INFO - новый сервсиный пароль установлен: hesoyam
2024-10-11 20:07:17,190 - INFO - попытка смены сервисного пароля: "hesoyam" на новый...
2024-10-11 20:07:17,332 - INFO - новый сервсиный пароль установлен: aezakmi
2024-10-11 20:08:15,323 - INFO - попытка смены bearer: "hz6uvua766yPUxP_fqq1nVi3-Edy72O" на новый...
2024-10-11 20:08:15,621 - INFO - новый bearer установлен: hz6uvua766yPUxP_fqq1nVi3-Edy72OH
2024-10-12 19:12:42,542 - INFO - скрипт запущен
2024-10-12 19:13:57,001 - INFO - попытка смены url: "https://sd.servionica.ru/v1/export/excel?essence=itsm_task&condition=%28%28multicard_engineerIN170800459101114407%40170963616800535649%40171215366708649453%40171828678808482974%40172378087907683085%5Estate%21%3Dcompleted%5Estate%21%3Dclosed%5Estate%21%3D10%29%5EOR%28assigned_userIN170800459101114407%40171828678808482974%40171215366708649453%40170963616800535649%40172378087907683085%5Estate%21%3Dcompleted%5Estate%21%3Dclosed%5Estate%21%3D10%5Estate%21%3Dcancelled%29%29%5EGROUPBYmulticard_engineer%5EORDERBYDESCmulticard_closing_date" на новый...
2024-10-12 19:13:57,135 - INFO - новый URL установлен: ttps://sd.servionica.ru/v1/export/excel?essence=itsm_task&condition=%28%28multicard_engineerIN170800459101114407%40170963616800535649%40171215366708649453%40171828678808482974%40172378087907683085%5Estate%21%3Dcompleted%5Estate%21%3Dclosed%5Estate%21%3D10%29%5EOR%28assigned_userIN170800459101114407%40171828678808482974%40171215366708649453%40170963616800535649%40172378087907683085%5Estate%21%3Dcompleted%5Estate%21%3Dclosed%5Estate%21%3D10%5Estate%21%3Dcancelled%29%29%5EGROUPBYmulticard_engineer%5EORDERBYDESCmulticard_closing_date
2024-10-12 19:14:15,226 - INFO - попытка смены url: "ttps://sd.servionica.ru/v1/export/excel?essence=itsm_task&condition=%28%28multicard_engineerIN170800459101114407%40170963616800535649%40171215366708649453%40171828678808482974%40172378087907683085%5Estate%21%3Dcompleted%5Estate%21%3Dclosed%5Estate%21%3D10%29%5EOR%28assigned_userIN170800459101114407%40171828678808482974%40171215366708649453%40170963616800535649%40172378087907683085%5Estate%21%3Dcompleted%5Estate%21%3Dclosed%5Estate%21%3D10%5Estate%21%3Dcancelled%29%29%5EGROUPBYmulticard_engineer%5EORDERBYDESCmulticard_closing_date" на новый...
2024-10-12 19:14:15,636 - INFO - новый URL установлен: https://sd.servionica.ru/v1/export/excel?essence=itsm_task&condition=%28%28multicard_engineerIN170800459101114407%40170963616800535649%40171215366708649453%40171828678808482974%40172378087907683085%5Estate%21%3Dcompleted%5Estate%21%3Dclosed%5Estate%21%3D10%29%5EOR%28assigned_userIN170800459101114407%40171828678808482974%40171215366708649453%40170963616800535649%40172378087907683085%5Estate%21%3Dcompleted%5Estate%21%3Dclosed%5Estate%21%3D10%5Estate%21%3Dcancelled%29%29%5EGROUPBYmulticard_engineer%5EORDERBYDESCmulticard_closing_date
2024-10-12 19:20:19,440 - INFO - скрипт запущен
2024-10-12 19:20:36,855 - INFO - скрипт запущен
2024-10-12 19:37:13,888 - INFO - скрипт запущен
2024-10-12 19:37:24,142 - ERROR - Ошибка отправки сообщения в чат - 909379618

2024-10-12 19:37:24,223 - ERROR - Ошибка отправки сообщения в чат - 1699958471

2024-10-12 19:37:30,928 - ERROR - Ошибка отправки сообщения в чат - 909379618

2024-10-12 19:37:31,038 - ERROR - Ошибка отправки сообщения в чат - 1699958471

2024-10-12 19:39:37,591 - INFO - скрипт запущен
2024-10-12 19:39:46,806 - ERROR - Ошибка отправки сообщения в чат - 909379618
 - {'content_type': 'text', 'id': 175, 'message_id': 175, 'from_user': {'id': 7659976515, 'is_bot': True, 'first_name': 'БОТ ДЛЯ ТЕСТОВ И ЭКСПЕРЕМЕНТОВ', 'username': 'tests_experements_bot', 'last_name': None, 'language_code': None, 'can_join_groups': None, 'can_read_all_group_messages': None, 'supports_inline_queries': None, 'is_premium': None, 'added_to_attachment_menu': None, 'can_connect_to_business': None, 'has_main_web_app': None}, 'date': 1728761986, 'chat': {'id': 7080566621, 'type': 'private', 'title': None, 'username': 'alexandr_servionica', 'first_name': 'Александр', 'last_name': 'Саранск ツ', 'is_forum': None, 'max_reaction_count': None, 'photo': None, 'bio': None, 'join_to_send_messages': None, 'join_by_request': None, 'has_private_forwards': None, 'has_restricted_voice_and_video_messages': None, 'description': None, 'invite_link': None, 'pinned_message': None, 'permissions': None, 'slow_mode_delay': None, 'message_auto_delete_time': None, 'has_protected_content': None, 'sticker_set_name': None, 'can_set_sticker_set': None, 'linked_chat_id': None, 'location': None, 'active_usernames': None, 'emoji_status_custom_emoji_id': None, 'has_hidden_members': None, 'has_aggressive_anti_spam_enabled': None, 'emoji_status_expiration_date': None, 'available_reactions': None, 'accent_color_id': None, 'background_custom_emoji_id': None, 'profile_accent_color_id': None, 'profile_background_custom_emoji_id': None, 'has_visible_history': None, 'unrestrict_boost_count': None, 'custom_emoji_sticker_set_name': None, 'business_intro': None, 'business_location': None, 'business_opening_hours': None, 'personal_chat': None, 'birthdate': None, 'can_send_paid_media': None}, 'sender_chat': None, 'is_automatic_forward': None, 'reply_to_message': None, 'via_bot': None, 'edit_date': None, 'has_protected_content': None, 'media_group_id': None, 'author_signature': None, 'text': 'Новая заявка: REQ0561303 по АО "АЛЬФА-БАНК"\n431720, Республика Мордовия, Чамзинский р-н, рп Комсомольский, ул Республиканская, д 47\nДо: 2024-11-01 00:20:44\nЗаявка на демонтаж', 'entities': None, 'caption_entities': None, 'audio': None, 'document': None, 'photo': None, 'sticker': None, 'video': None, 'video_note': None, 'voice': None, 'caption': None, 'contact': None, 'location': None, 'venue': None, 'animation': None, 'dice': None, 'new_chat_members': None, 'left_chat_member': None, 'new_chat_title': None, 'new_chat_photo': None, 'delete_chat_photo': None, 'group_chat_created': None, 'supergroup_chat_created': None, 'channel_chat_created': None, 'migrate_to_chat_id': None, 'migrate_from_chat_id': None, 'pinned_message': None, 'invoice': None, 'successful_payment': None, 'connected_website': None, 'reply_markup': {'row_width': 3, 'keyboard': [[<telebot.types.InlineKeyboardButton object at 0x7f9742730450>]]}, 'message_thread_id': None, 'is_topic_message': None, 'chat_background_set': None, 'forum_topic_created': None, 'forum_topic_closed': None, 'forum_topic_reopened': None, 'has_media_spoiler': None, 'forum_topic_edited': None, 'general_forum_topic_hidden': None, 'general_forum_topic_unhidden': None, 'write_access_allowed': None, 'users_shared': None, 'chat_shared': None, 'story': None, 'external_reply': None, 'quote': None, 'link_preview_options': None, 'giveaway_created': None, 'giveaway': None, 'giveaway_winners': None, 'giveaway_completed': None, 'forward_origin': None, 'boost_added': None, 'sender_boost_count': None, 'reply_to_story': None, 'sender_business_bot': None, 'business_connection_id': None, 'is_from_offline': None, 'effect_id': None, 'show_caption_above_media': None, 'paid_media': None, 'refunded_payment': None, 'proximity_alert_triggered': None, 'video_chat_scheduled': None, 'video_chat_started': None, 'video_chat_ended': None, 'video_chat_participants_invited': None, 'web_app_data': None, 'message_auto_delete_timer_changed': None, 'json': {'message_id': 175, 'from': {'id': 7659976515, 'is_bot': True, 'first_name': 'БОТ ДЛЯ ТЕСТОВ И ЭКСПЕРЕМЕНТОВ', 'username': 'tests_experements_bot'}, 'chat': {'id': 7080566621, 'first_name': 'Александр', 'last_name': 'Саранск ツ', 'username': 'alexandr_servionica', 'type': 'private'}, 'date': 1728761986, 'text': 'Новая заявка: REQ0561303 по АО "АЛЬФА-БАНК"\n431720, Республика Мордовия, Чамзинский р-н, рп Комсомольский, ул Республиканская, д 47\nДо: 2024-11-01 00:20:44\nЗаявка на демонтаж', 'reply_markup': {'inline_keyboard': [[{'text': 'открыть', 'url': 'https://sd.servionica.ru/record/itsm_request/172527813201230371'}]]}}}
2024-10-12 19:39:46,882 - ERROR - Ошибка отправки сообщения в чат - 1699958471
 - {'content_type': 'text', 'id': 175, 'message_id': 175, 'from_user': {'id': 7659976515, 'is_bot': True, 'first_name': 'БОТ ДЛЯ ТЕСТОВ И ЭКСПЕРЕМЕНТОВ', 'username': 'tests_experements_bot', 'last_name': None, 'language_code': None, 'can_join_groups': None, 'can_read_all_group_messages': None, 'supports_inline_queries': None, 'is_premium': None, 'added_to_attachment_menu': None, 'can_connect_to_business': None, 'has_main_web_app': None}, 'date': 1728761986, 'chat': {'id': 7080566621, 'type': 'private', 'title': None, 'username': 'alexandr_servionica', 'first_name': 'Александр', 'last_name': 'Саранск ツ', 'is_forum': None, 'max_reaction_count': None, 'photo': None, 'bio': None, 'join_to_send_messages': None, 'join_by_request': None, 'has_private_forwards': None, 'has_restricted_voice_and_video_messages': None, 'description': None, 'invite_link': None, 'pinned_message': None, 'permissions': None, 'slow_mode_delay': None, 'message_auto_delete_time': None, 'has_protected_content': None, 'sticker_set_name': None, 'can_set_sticker_set': None, 'linked_chat_id': None, 'location': None, 'active_usernames': None, 'emoji_status_custom_emoji_id': None, 'has_hidden_members': None, 'has_aggressive_anti_spam_enabled': None, 'emoji_status_expiration_date': None, 'available_reactions': None, 'accent_color_id': None, 'background_custom_emoji_id': None, 'profile_accent_color_id': None, 'profile_background_custom_emoji_id': None, 'has_visible_history': None, 'unrestrict_boost_count': None, 'custom_emoji_sticker_set_name': None, 'business_intro': None, 'business_location': None, 'business_opening_hours': None, 'personal_chat': None, 'birthdate': None, 'can_send_paid_media': None}, 'sender_chat': None, 'is_automatic_forward': None, 'reply_to_message': None, 'via_bot': None, 'edit_date': None, 'has_protected_content': None, 'media_group_id': None, 'author_signature': None, 'text': 'Новая заявка: REQ0561303 по АО "АЛЬФА-БАНК"\n431720, Республика Мордовия, Чамзинский р-н, рп Комсомольский, ул Республиканская, д 47\nДо: 2024-11-01 00:20:44\nЗаявка на демонтаж', 'entities': None, 'caption_entities': None, 'audio': None, 'document': None, 'photo': None, 'sticker': None, 'video': None, 'video_note': None, 'voice': None, 'caption': None, 'contact': None, 'location': None, 'venue': None, 'animation': None, 'dice': None, 'new_chat_members': None, 'left_chat_member': None, 'new_chat_title': None, 'new_chat_photo': None, 'delete_chat_photo': None, 'group_chat_created': None, 'supergroup_chat_created': None, 'channel_chat_created': None, 'migrate_to_chat_id': None, 'migrate_from_chat_id': None, 'pinned_message': None, 'invoice': None, 'successful_payment': None, 'connected_website': None, 'reply_markup': {'row_width': 3, 'keyboard': [[<telebot.types.InlineKeyboardButton object at 0x7f9742730450>]]}, 'message_thread_id': None, 'is_topic_message': None, 'chat_background_set': None, 'forum_topic_created': None, 'forum_topic_closed': None, 'forum_topic_reopened': None, 'has_media_spoiler': None, 'forum_topic_edited': None, 'general_forum_topic_hidden': None, 'general_forum_topic_unhidden': None, 'write_access_allowed': None, 'users_shared': None, 'chat_shared': None, 'story': None, 'external_reply': None, 'quote': None, 'link_preview_options': None, 'giveaway_created': None, 'giveaway': None, 'giveaway_winners': None, 'giveaway_completed': None, 'forward_origin': None, 'boost_added': None, 'sender_boost_count': None, 'reply_to_story': None, 'sender_business_bot': None, 'business_connection_id': None, 'is_from_offline': None, 'effect_id': None, 'show_caption_above_media': None, 'paid_media': None, 'refunded_payment': None, 'proximity_alert_triggered': None, 'video_chat_scheduled': None, 'video_chat_started': None, 'video_chat_ended': None, 'video_chat_participants_invited': None, 'web_app_data': None, 'message_auto_delete_timer_changed': None, 'json': {'message_id': 175, 'from': {'id': 7659976515, 'is_bot': True, 'first_name': 'БОТ ДЛЯ ТЕСТОВ И ЭКСПЕРЕМЕНТОВ', 'username': 'tests_experements_bot'}, 'chat': {'id': 7080566621, 'first_name': 'Александр', 'last_name': 'Саранск ツ', 'username': 'alexandr_servionica', 'type': 'private'}, 'date': 1728761986, 'text': 'Новая заявка: REQ0561303 по АО "АЛЬФА-БАНК"\n431720, Республика Мордовия, Чамзинский р-н, рп Комсомольский, ул Республиканская, д 47\nДо: 2024-11-01 00:20:44\nЗаявка на демонтаж', 'reply_markup': {'inline_keyboard': [[{'text': 'открыть', 'url': 'https://sd.servionica.ru/record/itsm_request/172527813201230371'}]]}}}
2024-10-12 19:39:54,049 - ERROR - Ошибка отправки сообщения в чат - 909379618
 - {'content_type': 'text', 'id': 176, 'message_id': 176, 'from_user': {'id': 7659976515, 'is_bot': True, 'first_name': 'БОТ ДЛЯ ТЕСТОВ И ЭКСПЕРЕМЕНТОВ', 'username': 'tests_experements_bot', 'last_name': None, 'language_code': None, 'can_join_groups': None, 'can_read_all_group_messages': None, 'supports_inline_queries': None, 'is_premium': None, 'added_to_attachment_menu': None, 'can_connect_to_business': None, 'has_main_web_app': None}, 'date': 1728761993, 'chat': {'id': 7080566621, 'type': 'private', 'title': None, 'username': 'alexandr_servionica', 'first_name': 'Александр', 'last_name': 'Саранск ツ', 'is_forum': None, 'max_reaction_count': None, 'photo': None, 'bio': None, 'join_to_send_messages': None, 'join_by_request': None, 'has_private_forwards': None, 'has_restricted_voice_and_video_messages': None, 'description': None, 'invite_link': None, 'pinned_message': None, 'permissions': None, 'slow_mode_delay': None, 'message_auto_delete_time': None, 'has_protected_content': None, 'sticker_set_name': None, 'can_set_sticker_set': None, 'linked_chat_id': None, 'location': None, 'active_usernames': None, 'emoji_status_custom_emoji_id': None, 'has_hidden_members': None, 'has_aggressive_anti_spam_enabled': None, 'emoji_status_expiration_date': None, 'available_reactions': None, 'accent_color_id': None, 'background_custom_emoji_id': None, 'profile_accent_color_id': None, 'profile_background_custom_emoji_id': None, 'has_visible_history': None, 'unrestrict_boost_count': None, 'custom_emoji_sticker_set_name': None, 'business_intro': None, 'business_location': None, 'business_opening_hours': None, 'personal_chat': None, 'birthdate': None, 'can_send_paid_media': None}, 'sender_chat': None, 'is_automatic_forward': None, 'reply_to_message': None, 'via_bot': None, 'edit_date': None, 'has_protected_content': None, 'media_group_id': None, 'author_signature': None, 'text': 'Новая заявка: REQ0542824 по АО "АЛЬФА-БАНК"\n431275, Респ Мордовия, Краснослободский р-н, деревня Желтоногово, ул Центральная, д 20\nДо: 2024-10-16 19:08:44\nЗаявка на установку терминала', 'entities': None, 'caption_entities': None, 'audio': None, 'document': None, 'photo': None, 'sticker': None, 'video': None, 'video_note': None, 'voice': None, 'caption': None, 'contact': None, 'location': None, 'venue': None, 'animation': None, 'dice': None, 'new_chat_members': None, 'left_chat_member': None, 'new_chat_title': None, 'new_chat_photo': None, 'delete_chat_photo': None, 'group_chat_created': None, 'supergroup_chat_created': None, 'channel_chat_created': None, 'migrate_to_chat_id': None, 'migrate_from_chat_id': None, 'pinned_message': None, 'invoice': None, 'successful_payment': None, 'connected_website': None, 'reply_markup': {'row_width': 3, 'keyboard': [[<telebot.types.InlineKeyboardButton object at 0x7f9746b03190>]]}, 'message_thread_id': None, 'is_topic_message': None, 'chat_background_set': None, 'forum_topic_created': None, 'forum_topic_closed': None, 'forum_topic_reopened': None, 'has_media_spoiler': None, 'forum_topic_edited': None, 'general_forum_topic_hidden': None, 'general_forum_topic_unhidden': None, 'write_access_allowed': None, 'users_shared': None, 'chat_shared': None, 'story': None, 'external_reply': None, 'quote': None, 'link_preview_options': None, 'giveaway_created': None, 'giveaway': None, 'giveaway_winners': None, 'giveaway_completed': None, 'forward_origin': None, 'boost_added': None, 'sender_boost_count': None, 'reply_to_story': None, 'sender_business_bot': None, 'business_connection_id': None, 'is_from_offline': None, 'effect_id': None, 'show_caption_above_media': None, 'paid_media': None, 'refunded_payment': None, 'proximity_alert_triggered': None, 'video_chat_scheduled': None, 'video_chat_started': None, 'video_chat_ended': None, 'video_chat_participants_invited': None, 'web_app_data': None, 'message_auto_delete_timer_changed': None, 'json': {'message_id': 176, 'from': {'id': 7659976515, 'is_bot': True, 'first_name': 'БОТ ДЛЯ ТЕСТОВ И ЭКСПЕРЕМЕНТОВ', 'username': 'tests_experements_bot'}, 'chat': {'id': 7080566621, 'first_name': 'Александр', 'last_name': 'Саранск ツ', 'username': 'alexandr_servionica', 'type': 'private'}, 'date': 1728761993, 'text': 'Новая заявка: REQ0542824 по АО "АЛЬФА-БАНК"\n431275, Респ Мордовия, Краснослободский р-н, деревня Желтоногово, ул Центральная, д 20\nДо: 2024-10-16 19:08:44\nЗаявка на установку терминала', 'reply_markup': {'inline_keyboard': [[{'text': 'открыть', 'url': 'https://sd.servionica.ru/record/itsm_request/172466246508655570'}]]}}}
2024-10-12 19:39:54,119 - ERROR - Ошибка отправки сообщения в чат - 1699958471
 - {'content_type': 'text', 'id': 176, 'message_id': 176, 'from_user': {'id': 7659976515, 'is_bot': True, 'first_name': 'БОТ ДЛЯ ТЕСТОВ И ЭКСПЕРЕМЕНТОВ', 'username': 'tests_experements_bot', 'last_name': None, 'language_code': None, 'can_join_groups': None, 'can_read_all_group_messages': None, 'supports_inline_queries': None, 'is_premium': None, 'added_to_attachment_menu': None, 'can_connect_to_business': None, 'has_main_web_app': None}, 'date': 1728761993, 'chat': {'id': 7080566621, 'type': 'private', 'title': None, 'username': 'alexandr_servionica', 'first_name': 'Александр', 'last_name': 'Саранск ツ', 'is_forum': None, 'max_reaction_count': None, 'photo': None, 'bio': None, 'join_to_send_messages': None, 'join_by_request': None, 'has_private_forwards': None, 'has_restricted_voice_and_video_messages': None, 'description': None, 'invite_link': None, 'pinned_message': None, 'permissions': None, 'slow_mode_delay': None, 'message_auto_delete_time': None, 'has_protected_content': None, 'sticker_set_name': None, 'can_set_sticker_set': None, 'linked_chat_id': None, 'location': None, 'active_usernames': None, 'emoji_status_custom_emoji_id': None, 'has_hidden_members': None, 'has_aggressive_anti_spam_enabled': None, 'emoji_status_expiration_date': None, 'available_reactions': None, 'accent_color_id': None, 'background_custom_emoji_id': None, 'profile_accent_color_id': None, 'profile_background_custom_emoji_id': None, 'has_visible_history': None, 'unrestrict_boost_count': None, 'custom_emoji_sticker_set_name': None, 'business_intro': None, 'business_location': None, 'business_opening_hours': None, 'personal_chat': None, 'birthdate': None, 'can_send_paid_media': None}, 'sender_chat': None, 'is_automatic_forward': None, 'reply_to_message': None, 'via_bot': None, 'edit_date': None, 'has_protected_content': None, 'media_group_id': None, 'author_signature': None, 'text': 'Новая заявка: REQ0542824 по АО "АЛЬФА-БАНК"\n431275, Респ Мордовия, Краснослободский р-н, деревня Желтоногово, ул Центральная, д 20\nДо: 2024-10-16 19:08:44\nЗаявка на установку терминала', 'entities': None, 'caption_entities': None, 'audio': None, 'document': None, 'photo': None, 'sticker': None, 'video': None, 'video_note': None, 'voice': None, 'caption': None, 'contact': None, 'location': None, 'venue': None, 'animation': None, 'dice': None, 'new_chat_members': None, 'left_chat_member': None, 'new_chat_title': None, 'new_chat_photo': None, 'delete_chat_photo': None, 'group_chat_created': None, 'supergroup_chat_created': None, 'channel_chat_created': None, 'migrate_to_chat_id': None, 'migrate_from_chat_id': None, 'pinned_message': None, 'invoice': None, 'successful_payment': None, 'connected_website': None, 'reply_markup': {'row_width': 3, 'keyboard': [[<telebot.types.InlineKeyboardButton object at 0x7f9746b03190>]]}, 'message_thread_id': None, 'is_topic_message': None, 'chat_background_set': None, 'forum_topic_created': None, 'forum_topic_closed': None, 'forum_topic_reopened': None, 'has_media_spoiler': None, 'forum_topic_edited': None, 'general_forum_topic_hidden': None, 'general_forum_topic_unhidden': None, 'write_access_allowed': None, 'users_shared': None, 'chat_shared': None, 'story': None, 'external_reply': None, 'quote': None, 'link_preview_options': None, 'giveaway_created': None, 'giveaway': None, 'giveaway_winners': None, 'giveaway_completed': None, 'forward_origin': None, 'boost_added': None, 'sender_boost_count': None, 'reply_to_story': None, 'sender_business_bot': None, 'business_connection_id': None, 'is_from_offline': None, 'effect_id': None, 'show_caption_above_media': None, 'paid_media': None, 'refunded_payment': None, 'proximity_alert_triggered': None, 'video_chat_scheduled': None, 'video_chat_started': None, 'video_chat_ended': None, 'video_chat_participants_invited': None, 'web_app_data': None, 'message_auto_delete_timer_changed': None, 'json': {'message_id': 176, 'from': {'id': 7659976515, 'is_bot': True, 'first_name': 'БОТ ДЛЯ ТЕСТОВ И ЭКСПЕРЕМЕНТОВ', 'username': 'tests_experements_bot'}, 'chat': {'id': 7080566621, 'first_name': 'Александр', 'last_name': 'Саранск ツ', 'username': 'alexandr_servionica', 'type': 'private'}, 'date': 1728761993, 'text': 'Новая заявка: REQ0542824 по АО "АЛЬФА-БАНК"\n431275, Респ Мордовия, Краснослободский р-н, деревня Желтоногово, ул Центральная, д 20\nДо: 2024-10-16 19:08:44\nЗаявка на установку терминала', 'reply_markup': {'inline_keyboard': [[{'text': 'открыть', 'url': 'https://sd.servionica.ru/record/itsm_request/172466246508655570'}]]}}}
2024-10-12 19:44:59,181 - INFO - скрипт запущен
2024-10-12 19:46:14,419 - INFO - скрипт запущен
2024-10-12 19:47:30,896 - INFO - скрипт запущен
2024-10-12 19:47:45,091 - ERROR - Ошибка отправки сообщения в чат - 909379618

2024-10-12 19:58:38,268 - INFO - скрипт запущен
2024-10-12 19:58:47,846 - ERROR - Ошибка отправки сообщения в чат - 909379618
, удаляем пользовтеля.
2024-10-12 19:58:48,254 - ERROR - Ошибка отправки сообщения в чат - 1699958471
, удаляем пользовтеля.
2024-10-12 20:03:24,704 - INFO - скрипт запущен
2024-10-12 20:03:34,201 - ERROR - Ошибка отправки сообщения в чат - 909379618
, удаляем пользовтеля.
2024-10-12 20:04:36,441 - INFO - скрипт запущен
2024-10-12 20:04:45,978 - ERROR - Ошибка отправки сообщения в чат - 909379618, удаляем пользовтеля.
2024-10-12 20:04:46,058 - ERROR - Ошибка отправки сообщения в чат - 1699958471, удаляем пользовтеля.
2024-10-15 19:11:58,986 - INFO - скрипт запущен
2024-10-15 19:12:52,180 - INFO - скрипт запущен
2024-10-15 19:30:39,951 - INFO - скрипт запущен
2024-10-15 19:32:16,152 - INFO - скрипт запущен
2024-10-15 19:34:06,213 - INFO - скрипт запущен
2024-10-15 19:38:11,714 - INFO - скрипт запущен
2024-10-15 19:41:47,339 - INFO - скрипт запущен
2024-10-15 19:44:11,913 - INFO - скрипт запущен
2024-10-15 19:45:19,703 - INFO - скрипт запущен
2024-10-15 19:45:57,675 - INFO - скрипт запущен
2024-10-15 19:47:07,674 - INFO - скрипт запущен
2024-10-15 19:47:55,560 - INFO - скрипт запущен
2024-10-15 19:50:25,889 - INFO - скрипт запущен
2024-10-15 19:51:00,837 - INFO - попытка смены сервисного пароля: "aezakmi" на новый...
2024-10-15 19:51:00,994 - INFO - новый сервсиный пароль установлен: hesoyam
2024-10-15 19:51:19,402 - INFO - попытка смены сервисного пароля: "hesoyam" на новый...
2024-10-15 19:51:19,680 - INFO - новый сервсиный пароль установлен: aezakmi
2024-10-15 19:57:59,884 - INFO - скрипт запущен
2024-10-15 19:58:10,534 - INFO - попытка смены пароля на подписку: "11111111q" на новый...
2024-10-15 19:58:40,712 - INFO - попытка смены пароля на подписку: "11111111q" на новый...
2024-10-15 19:59:04,003 - INFO - попытка смены пароля на подписку: "11111111q" на новый...
2024-10-15 19:59:56,792 - INFO - скрипт запущен
2024-10-15 20:00:02,016 - INFO - попытка смены пароля на подписку: "11111111q" на новый...
2024-10-15 20:00:02,173 - INFO - новый пароль на подписку установлен: 11112222
2024-10-15 20:00:13,512 - INFO - попытка смены пароля на подписку: "11112222" на новый...
2024-10-15 20:00:13,648 - INFO - новый пароль на подписку установлен: 11111111q
